<?xml version="1.0" encoding="UTF-8"?>
<!-- Generated by org.testng.reporters.JUnitReportReporter -->
<testsuite hostname="Classroom-205" failures="0" tests="2" name="testngFramework.Test2" time="0.008" errors="0" timestamp="2024-10-26T07:56:33 IST" skipped="0">
  <testcase classname="testngFramework.Test2" name="Testcase02" time="0.008">
    <system-out>
      <![CDATA[This is Testcase 02]]>
    </system-out>
  </testcase> <!-- Testcase02 -->
  <testcase classname="testngFramework.Test2" name="Testcase03" time="0.000">
    <system-out>
      <![CDATA[This is Testcase 03]]>
    </system-out>
  </testcase> <!-- Testcase03 -->
  <system-out>
    <![CDATA[This is Testcase 02
This is Testcase 03
This is Testcase 01]]>
  </system-out>
</testsuite> <!-- testngFramework.Test2 -->
