<?xml version="1.0" encoding="UTF-8"?>
<!-- Generated by org.testng.reporters.JUnitReportReporter -->
<testsuite hostname="Classroom-205" failures="0" tests="2" name="parallelExecution.Multiple" time="0.018" errors="0" timestamp="2024-11-07T07:31:47 IST" skipped="0">
  <testcase classname="parallelExecution.Multiple" name="Test1" time="0.009"/>
  <testcase classname="parallelExecution.Multiple" name="Test" time="0.009"/>
</testsuite> <!-- parallelExecution.Multiple -->
