<?xml version="1.0" encoding="UTF-8"?>
<!-- Generated by org.testng.reporters.JUnitReportReporter -->
<testsuite hostname="Classroom-205" failures="0" tests="1" name="facebookFW.Testcase1" time="4.346" errors="0" timestamp="2024-10-31T07:29:36 IST" skipped="0">
  <testcase classname="facebookFW.Testcase1" name="LoginModule" time="4.346"/>
</testsuite> <!-- facebookFW.Testcase1 -->
