<?xml version="1.0" encoding="UTF-8"?>
<!-- Generated by org.testng.reporters.JUnitReportReporter -->
<testsuite hostname="Classroom-205" failures="0" tests="2" name="parallelExecution.Testcase" time="0.020" errors="0" timestamp="2024-11-07T07:43:32 IST" skipped="0">
  <testcase classname="parallelExecution.Testcase" name="Testcase1" time="0.010"/>
  <testcase classname="parallelExecution.Testcase" name="Testcase1" time="0.010"/>
</testsuite> <!-- parallelExecution.Testcase -->
