<?xml version="1.0" encoding="UTF-8"?>
<!-- Generated by org.testng.reporters.JUnitReportReporter -->
<testsuite hostname="Classroom-205" failures="0" tests="1" name="testngFramework.Test1" time="0.011" errors="0" timestamp="2024-11-04T10:37:39 IST" skipped="0">
  <testcase classname="testngFramework.Test1" name="signup" time="0.011">
    <system-out>
      <![CDATA[This is signup module]]>
    </system-out>
  </testcase> <!-- signup -->
  <system-out>
    <![CDATA[This is signup module]]>
  </system-out>
</testsuite> <!-- testngFramework.Test1 -->
