<?xml version="1.0" encoding="UTF-8"?>
<!-- Generated by org.testng.reporters.JUnitReportReporter -->
<testsuite hostname="Classroom-205" failures="0" tests="2" name="testngFramework.C2" time="0.010" errors="0" timestamp="2024-11-06T07:06:03 IST" skipped="0">
  <testcase classname="testngFramework.C2" name="Test1" time="0.009"/>
  <testcase classname="testngFramework.C2" name="Test2" time="0.001"/>
</testsuite> <!-- testngFramework.C2 -->
