<?xml version="1.0" encoding="UTF-8"?>
<!-- Generated by org.testng.reporters.JUnitReportReporter -->
<testsuite hostname="Classroom-205" failures="0" tests="1" name="testNg.firefox" time="2.690" errors="0" timestamp="2025-01-16T20:41:59 IST" skipped="0">
  <testcase classname="testNg.firefox" name="auncfirefox" time="2.690"/>
</testsuite> <!-- testNg.firefox -->
