<?xml version="1.0" encoding="UTF-8"?>
<!-- Generated by org.testng.reporters.JUnitReportReporter -->
<testsuite hostname="Classroom-205" failures="0" tests="1" name="parallelExecution.Testcase1" time="0.010" errors="0" timestamp="2024-11-07T07:26:29 IST" skipped="0">
  <testcase classname="parallelExecution.Testcase1" name="Testcase2" time="0.010"/>
</testsuite> <!-- parallelExecution.Testcase1 -->
