<?xml version="1.0" encoding="UTF-8"?>
<!-- Generated by org.testng.reporters.JUnitReportReporter -->
<testsuite hostname="Classroom-205" failures="0" tests="1" name="TestNG_FW.Testcase3" time="3.650" errors="0" timestamp="2024-11-13T07:25:50 IST" skipped="0">
  <testcase classname="TestNG_FW.Testcase3" name="CheckElementUSN" time="3.650"/>
</testsuite> <!-- TestNG_FW.Testcase3 -->
