<?xml version="1.0" encoding="UTF-8"?>
<!-- Generated by org.testng.reporters.JUnitReportReporter -->
<testsuite hostname="Classroom-205" failures="0" tests="1" name="TestNG_FW.Testcase1" time="4.783" errors="0" timestamp="2024-11-13T08:07:02 IST" skipped="0">
  <testcase classname="TestNG_FW.Testcase1" name="FaceBookLogin" time="4.783"/>
</testsuite> <!-- TestNG_FW.Testcase1 -->
