<?xml version="1.0" encoding="UTF-8"?>
<!-- Generated by org.testng.reporters.JUnitReportReporter -->
<testsuite hostname="Classroom-205" failures="0" tests="1" name="testNGFW.Test3" time="0.018" errors="0" timestamp="2024-10-26T07:48:44 IST" skipped="0">
  <testcase classname="testNGFW.Test3" name="Testcase04" time="0.018">
    <system-out>
      <![CDATA[This is Testcase 04]]>
    </system-out>
  </testcase> <!-- Testcase04 -->
  <system-out>
    <![CDATA[This is Testcase 04
This is Testcase 02
This is Testcase 03
This is Testcase 01]]>
  </system-out>
</testsuite> <!-- testNGFW.Test3 -->
