<?xml version="1.0" encoding="UTF-8"?>
<!-- Generated by org.testng.reporters.JUnitReportReporter -->
<testsuite hostname="Classroom-205" failures="0" tests="6" name="ddtDataprovider.ReadData" time="19.080" errors="0" timestamp="2024-11-09T08:25:33 IST" skipped="0">
  <testcase classname="ddtDataprovider.ReadData" name="Testcase" time="3.769"/>
  <testcase classname="ddtDataprovider.ReadData" name="Testcase" time="3.073"/>
  <testcase classname="ddtDataprovider.ReadData" name="Testcase" time="3.065"/>
  <testcase classname="ddtDataprovider.ReadData" name="Testcase" time="3.122"/>
  <testcase classname="ddtDataprovider.ReadData" name="Testcase" time="3.009"/>
  <testcase classname="ddtDataprovider.ReadData" name="Testcase" time="3.042"/>
</testsuite> <!-- ddtDataprovider.ReadData -->
